2022-01-09T11:41:40,837 - CPUUtilization.Percent:100.0|#Level:Host|#hostname:pressler-dell,timestamp:1641724900
2022-01-09T11:41:40,840 - DiskAvailable.Gigabytes:76.28519821166992|#Level:Host|#hostname:pressler-dell,timestamp:1641724900
2022-01-09T11:41:40,846 - DiskUsage.Gigabytes:421.9685401916504|#Level:Host|#hostname:pressler-dell,timestamp:1641724900
2022-01-09T11:41:40,848 - DiskUtilization.Percent:84.7|#Level:Host|#hostname:pressler-dell,timestamp:1641724900
2022-01-09T11:41:40,849 - MemoryAvailable.Megabytes:23248.53515625|#Level:Host|#hostname:pressler-dell,timestamp:1641724900
2022-01-09T11:41:40,849 - MemoryUsed.Megabytes:5807.75|#Level:Host|#hostname:pressler-dell,timestamp:1641724900
2022-01-09T11:41:40,851 - MemoryUtilization.Percent:27.2|#Level:Host|#hostname:pressler-dell,timestamp:1641724900
2022-01-09T11:41:42,334 - W-9000-scalenet_1.0.ms:3651|#Level:Host|#hostname:pressler-dell,timestamp:1641724902
2022-01-09T11:41:42,335 - WorkerThreadTime.ms:121|#Level:Host|#hostname:pressler-dell,timestamp:null
2022-01-09T11:41:47,510 - W-9001-yolov5_0.1.ms:7413|#Level:Host|#hostname:pressler-dell,timestamp:1641724907
2022-01-09T11:41:47,511 - WorkerThreadTime.ms:78|#Level:Host|#hostname:pressler-dell,timestamp:null
2022-01-09T11:42:14,485 - Requests5XX.Count:1|#Level:Host|#hostname:pressler-dell,timestamp:null
2022-01-09T11:42:14,486 - WorkerThreadTime.ms:43|#Level:Host|#hostname:pressler-dell,timestamp:null
2022-01-09T11:42:40,766 - CPUUtilization.Percent:0.0|#Level:Host|#hostname:pressler-dell,timestamp:1641724960
2022-01-09T11:42:40,766 - DiskAvailable.Gigabytes:76.2848129272461|#Level:Host|#hostname:pressler-dell,timestamp:1641724960
2022-01-09T11:42:40,767 - DiskUsage.Gigabytes:421.9689254760742|#Level:Host|#hostname:pressler-dell,timestamp:1641724960
2022-01-09T11:42:40,768 - DiskUtilization.Percent:84.7|#Level:Host|#hostname:pressler-dell,timestamp:1641724960
2022-01-09T11:42:40,770 - MemoryAvailable.Megabytes:20572.1328125|#Level:Host|#hostname:pressler-dell,timestamp:1641724960
2022-01-09T11:42:40,771 - MemoryUsed.Megabytes:8342.71875|#Level:Host|#hostname:pressler-dell,timestamp:1641724960
2022-01-09T11:42:40,771 - MemoryUtilization.Percent:35.6|#Level:Host|#hostname:pressler-dell,timestamp:1641724960
2022-01-09T11:43:40,765 - CPUUtilization.Percent:0.0|#Level:Host|#hostname:pressler-dell,timestamp:1641725020
2022-01-09T11:43:40,765 - DiskAvailable.Gigabytes:76.2848014831543|#Level:Host|#hostname:pressler-dell,timestamp:1641725020
2022-01-09T11:43:40,765 - DiskUsage.Gigabytes:421.968936920166|#Level:Host|#hostname:pressler-dell,timestamp:1641725020
2022-01-09T11:43:40,766 - DiskUtilization.Percent:84.7|#Level:Host|#hostname:pressler-dell,timestamp:1641725020
2022-01-09T11:43:40,766 - MemoryAvailable.Megabytes:20472.5703125|#Level:Host|#hostname:pressler-dell,timestamp:1641725020
2022-01-09T11:43:40,766 - MemoryUsed.Megabytes:8426.89453125|#Level:Host|#hostname:pressler-dell,timestamp:1641725020
2022-01-09T11:43:40,766 - MemoryUtilization.Percent:35.9|#Level:Host|#hostname:pressler-dell,timestamp:1641725020
2022-01-09T11:44:40,765 - CPUUtilization.Percent:0.0|#Level:Host|#hostname:pressler-dell,timestamp:1641725080
2022-01-09T11:44:40,766 - DiskAvailable.Gigabytes:76.28466415405273|#Level:Host|#hostname:pressler-dell,timestamp:1641725080
2022-01-09T11:44:40,766 - DiskUsage.Gigabytes:421.9690742492676|#Level:Host|#hostname:pressler-dell,timestamp:1641725080
2022-01-09T11:44:40,768 - DiskUtilization.Percent:84.7|#Level:Host|#hostname:pressler-dell,timestamp:1641725080
2022-01-09T11:44:40,768 - MemoryAvailable.Megabytes:20518.1171875|#Level:Host|#hostname:pressler-dell,timestamp:1641725080
2022-01-09T11:44:40,769 - MemoryUsed.Megabytes:8397.984375|#Level:Host|#hostname:pressler-dell,timestamp:1641725080
2022-01-09T11:44:40,769 - MemoryUtilization.Percent:35.7|#Level:Host|#hostname:pressler-dell,timestamp:1641725080
2022-01-09T11:45:40,803 - CPUUtilization.Percent:0.0|#Level:Host|#hostname:pressler-dell,timestamp:1641725140
2022-01-09T11:45:40,807 - DiskAvailable.Gigabytes:76.28463363647461|#Level:Host|#hostname:pressler-dell,timestamp:1641725140
2022-01-09T11:45:40,807 - DiskUsage.Gigabytes:421.9691047668457|#Level:Host|#hostname:pressler-dell,timestamp:1641725140
2022-01-09T11:45:40,811 - DiskUtilization.Percent:84.7|#Level:Host|#hostname:pressler-dell,timestamp:1641725140
2022-01-09T11:45:40,812 - MemoryAvailable.Megabytes:20493.375|#Level:Host|#hostname:pressler-dell,timestamp:1641725140
2022-01-09T11:45:40,817 - MemoryUsed.Megabytes:8394.3515625|#Level:Host|#hostname:pressler-dell,timestamp:1641725140
2022-01-09T11:45:40,822 - MemoryUtilization.Percent:35.8|#Level:Host|#hostname:pressler-dell,timestamp:1641725140
2022-01-09T11:46:40,747 - CPUUtilization.Percent:0.0|#Level:Host|#hostname:pressler-dell,timestamp:1641725200
2022-01-09T11:46:40,747 - DiskAvailable.Gigabytes:76.28460311889648|#Level:Host|#hostname:pressler-dell,timestamp:1641725200
2022-01-09T11:46:40,747 - DiskUsage.Gigabytes:421.9691352844238|#Level:Host|#hostname:pressler-dell,timestamp:1641725200
2022-01-09T11:46:40,748 - DiskUtilization.Percent:84.7|#Level:Host|#hostname:pressler-dell,timestamp:1641725200
2022-01-09T11:46:40,749 - MemoryAvailable.Megabytes:20308.85546875|#Level:Host|#hostname:pressler-dell,timestamp:1641725200
2022-01-09T11:46:40,751 - MemoryUsed.Megabytes:8539.35546875|#Level:Host|#hostname:pressler-dell,timestamp:1641725200
2022-01-09T11:46:40,751 - MemoryUtilization.Percent:36.4|#Level:Host|#hostname:pressler-dell,timestamp:1641725200
2022-01-09T11:47:40,762 - CPUUtilization.Percent:0.0|#Level:Host|#hostname:pressler-dell,timestamp:1641725260
2022-01-09T11:47:40,762 - DiskAvailable.Gigabytes:76.2841567993164|#Level:Host|#hostname:pressler-dell,timestamp:1641725260
2022-01-09T11:47:40,762 - DiskUsage.Gigabytes:421.9695816040039|#Level:Host|#hostname:pressler-dell,timestamp:1641725260
2022-01-09T11:47:40,763 - DiskUtilization.Percent:84.7|#Level:Host|#hostname:pressler-dell,timestamp:1641725260
2022-01-09T11:47:40,763 - MemoryAvailable.Megabytes:18248.28515625|#Level:Host|#hostname:pressler-dell,timestamp:1641725260
2022-01-09T11:47:40,763 - MemoryUsed.Megabytes:10665.46875|#Level:Host|#hostname:pressler-dell,timestamp:1641725260
2022-01-09T11:47:40,763 - MemoryUtilization.Percent:42.8|#Level:Host|#hostname:pressler-dell,timestamp:1641725260
2022-01-09T11:48:40,751 - CPUUtilization.Percent:0.0|#Level:Host|#hostname:pressler-dell,timestamp:1641725320
2022-01-09T11:48:40,752 - DiskAvailable.Gigabytes:76.28444290161133|#Level:Host|#hostname:pressler-dell,timestamp:1641725320
2022-01-09T11:48:40,753 - DiskUsage.Gigabytes:421.969295501709|#Level:Host|#hostname:pressler-dell,timestamp:1641725320
2022-01-09T11:48:40,753 - DiskUtilization.Percent:84.7|#Level:Host|#hostname:pressler-dell,timestamp:1641725320
2022-01-09T11:48:40,753 - MemoryAvailable.Megabytes:18255.0546875|#Level:Host|#hostname:pressler-dell,timestamp:1641725320
2022-01-09T11:48:40,754 - MemoryUsed.Megabytes:10649.0859375|#Level:Host|#hostname:pressler-dell,timestamp:1641725320
2022-01-09T11:48:40,754 - MemoryUtilization.Percent:42.8|#Level:Host|#hostname:pressler-dell,timestamp:1641725320
2022-01-09T11:49:40,821 - CPUUtilization.Percent:0.0|#Level:Host|#hostname:pressler-dell,timestamp:1641725380
2022-01-09T11:49:40,821 - DiskAvailable.Gigabytes:76.28413391113281|#Level:Host|#hostname:pressler-dell,timestamp:1641725380
2022-01-09T11:49:40,822 - DiskUsage.Gigabytes:421.9696044921875|#Level:Host|#hostname:pressler-dell,timestamp:1641725380
2022-01-09T11:49:40,823 - DiskUtilization.Percent:84.7|#Level:Host|#hostname:pressler-dell,timestamp:1641725380
2022-01-09T11:49:40,826 - MemoryAvailable.Megabytes:18151.21484375|#Level:Host|#hostname:pressler-dell,timestamp:1641725380
2022-01-09T11:49:40,827 - MemoryUsed.Megabytes:10691.33984375|#Level:Host|#hostname:pressler-dell,timestamp:1641725380
2022-01-09T11:49:40,827 - MemoryUtilization.Percent:43.1|#Level:Host|#hostname:pressler-dell,timestamp:1641725380
2022-01-09T11:50:40,783 - CPUUtilization.Percent:0.0|#Level:Host|#hostname:pressler-dell,timestamp:1641725440
2022-01-09T11:50:40,785 - DiskAvailable.Gigabytes:76.28394317626953|#Level:Host|#hostname:pressler-dell,timestamp:1641725440
2022-01-09T11:50:40,785 - DiskUsage.Gigabytes:421.9697952270508|#Level:Host|#hostname:pressler-dell,timestamp:1641725440
2022-01-09T11:50:40,786 - DiskUtilization.Percent:84.7|#Level:Host|#hostname:pressler-dell,timestamp:1641725440
2022-01-09T11:50:40,788 - MemoryAvailable.Megabytes:18015.16015625|#Level:Host|#hostname:pressler-dell,timestamp:1641725440
2022-01-09T11:50:40,789 - MemoryUsed.Megabytes:10777.22265625|#Level:Host|#hostname:pressler-dell,timestamp:1641725440
2022-01-09T11:50:40,790 - MemoryUtilization.Percent:43.6|#Level:Host|#hostname:pressler-dell,timestamp:1641725440
2022-01-09T11:51:40,758 - CPUUtilization.Percent:0.0|#Level:Host|#hostname:pressler-dell,timestamp:1641725500
2022-01-09T11:51:40,758 - DiskAvailable.Gigabytes:76.28379821777344|#Level:Host|#hostname:pressler-dell,timestamp:1641725500
2022-01-09T11:51:40,758 - DiskUsage.Gigabytes:421.9699401855469|#Level:Host|#hostname:pressler-dell,timestamp:1641725500
2022-01-09T11:51:40,758 - DiskUtilization.Percent:84.7|#Level:Host|#hostname:pressler-dell,timestamp:1641725500
2022-01-09T11:51:40,758 - MemoryAvailable.Megabytes:18264.1015625|#Level:Host|#hostname:pressler-dell,timestamp:1641725500
2022-01-09T11:51:40,759 - MemoryUsed.Megabytes:10614.7734375|#Level:Host|#hostname:pressler-dell,timestamp:1641725500
2022-01-09T11:51:40,759 - MemoryUtilization.Percent:42.8|#Level:Host|#hostname:pressler-dell,timestamp:1641725500
2022-01-09T11:52:40,754 - CPUUtilization.Percent:0.0|#Level:Host|#hostname:pressler-dell,timestamp:1641725560
2022-01-09T11:52:40,756 - DiskAvailable.Gigabytes:76.28422546386719|#Level:Host|#hostname:pressler-dell,timestamp:1641725560
2022-01-09T11:52:40,756 - DiskUsage.Gigabytes:421.9695129394531|#Level:Host|#hostname:pressler-dell,timestamp:1641725560
2022-01-09T11:52:40,757 - DiskUtilization.Percent:84.7|#Level:Host|#hostname:pressler-dell,timestamp:1641725560
2022-01-09T11:52:40,757 - MemoryAvailable.Megabytes:20267.08203125|#Level:Host|#hostname:pressler-dell,timestamp:1641725560
2022-01-09T11:52:40,757 - MemoryUsed.Megabytes:8569.35546875|#Level:Host|#hostname:pressler-dell,timestamp:1641725560
2022-01-09T11:52:40,758 - MemoryUtilization.Percent:36.5|#Level:Host|#hostname:pressler-dell,timestamp:1641725560
2022-01-09T11:53:04,498 - CPUUtilization.Percent:100.0|#Level:Host|#hostname:pressler-dell,timestamp:1641725584
2022-01-09T11:53:04,501 - DiskAvailable.Gigabytes:76.28410339355469|#Level:Host|#hostname:pressler-dell,timestamp:1641725584
2022-01-09T11:53:04,508 - DiskUsage.Gigabytes:421.9696350097656|#Level:Host|#hostname:pressler-dell,timestamp:1641725584
2022-01-09T11:53:04,512 - DiskUtilization.Percent:84.7|#Level:Host|#hostname:pressler-dell,timestamp:1641725584
2022-01-09T11:53:04,514 - MemoryAvailable.Megabytes:22330.90625|#Level:Host|#hostname:pressler-dell,timestamp:1641725584
2022-01-09T11:53:04,517 - MemoryUsed.Megabytes:6456.5625|#Level:Host|#hostname:pressler-dell,timestamp:1641725584
2022-01-09T11:53:04,521 - MemoryUtilization.Percent:30.0|#Level:Host|#hostname:pressler-dell,timestamp:1641725584
2022-01-09T11:53:04,663 - W-9000-scalenet_1.0.ms:1996|#Level:Host|#hostname:pressler-dell,timestamp:1641725584
2022-01-09T11:53:04,665 - WorkerThreadTime.ms:52|#Level:Host|#hostname:pressler-dell,timestamp:null
2022-01-09T11:53:09,641 - W-9001-yolov5_0.1.ms:5607|#Level:Host|#hostname:pressler-dell,timestamp:1641725589
2022-01-09T11:53:09,641 - WorkerThreadTime.ms:34|#Level:Host|#hostname:pressler-dell,timestamp:null
2022-01-09T11:53:10,461 - Requests5XX.Count:1|#Level:Host|#hostname:pressler-dell,timestamp:null
2022-01-09T11:53:10,468 - WorkerThreadTime.ms:71|#Level:Host|#hostname:pressler-dell,timestamp:null
2022-01-09T11:54:04,468 - CPUUtilization.Percent:0.0|#Level:Host|#hostname:pressler-dell,timestamp:1641725644
2022-01-09T11:54:04,469 - DiskAvailable.Gigabytes:76.28414916992188|#Level:Host|#hostname:pressler-dell,timestamp:1641725644
2022-01-09T11:54:04,470 - DiskUsage.Gigabytes:421.96958923339844|#Level:Host|#hostname:pressler-dell,timestamp:1641725644
2022-01-09T11:54:04,476 - DiskUtilization.Percent:84.7|#Level:Host|#hostname:pressler-dell,timestamp:1641725644
2022-01-09T11:54:04,476 - MemoryAvailable.Megabytes:20198.4453125|#Level:Host|#hostname:pressler-dell,timestamp:1641725644
2022-01-09T11:54:04,476 - MemoryUsed.Megabytes:8551.93359375|#Level:Host|#hostname:pressler-dell,timestamp:1641725644
2022-01-09T11:54:04,476 - MemoryUtilization.Percent:36.7|#Level:Host|#hostname:pressler-dell,timestamp:1641725644
2022-01-09T11:55:04,568 - CPUUtilization.Percent:0.0|#Level:Host|#hostname:pressler-dell,timestamp:1641725704
2022-01-09T11:55:04,573 - DiskAvailable.Gigabytes:76.28147506713867|#Level:Host|#hostname:pressler-dell,timestamp:1641725704
2022-01-09T11:55:04,576 - DiskUsage.Gigabytes:421.97226333618164|#Level:Host|#hostname:pressler-dell,timestamp:1641725704
2022-01-09T11:55:04,579 - DiskUtilization.Percent:84.7|#Level:Host|#hostname:pressler-dell,timestamp:1641725704
2022-01-09T11:55:04,586 - MemoryAvailable.Megabytes:19612.2734375|#Level:Host|#hostname:pressler-dell,timestamp:1641725704
2022-01-09T11:55:04,589 - MemoryUsed.Megabytes:8994.14453125|#Level:Host|#hostname:pressler-dell,timestamp:1641725704
2022-01-09T11:55:04,592 - MemoryUtilization.Percent:38.6|#Level:Host|#hostname:pressler-dell,timestamp:1641725704
2022-01-09T11:56:04,427 - CPUUtilization.Percent:0.0|#Level:Host|#hostname:pressler-dell,timestamp:1641725764
2022-01-09T11:56:04,428 - DiskAvailable.Gigabytes:76.31451797485352|#Level:Host|#hostname:pressler-dell,timestamp:1641725764
2022-01-09T11:56:04,428 - DiskUsage.Gigabytes:421.9392204284668|#Level:Host|#hostname:pressler-dell,timestamp:1641725764
2022-01-09T11:56:04,428 - DiskUtilization.Percent:84.7|#Level:Host|#hostname:pressler-dell,timestamp:1641725764
2022-01-09T11:56:04,428 - MemoryAvailable.Megabytes:18163.83203125|#Level:Host|#hostname:pressler-dell,timestamp:1641725764
2022-01-09T11:56:04,429 - MemoryUsed.Megabytes:10645.98828125|#Level:Host|#hostname:pressler-dell,timestamp:1641725764
2022-01-09T11:56:04,429 - MemoryUtilization.Percent:43.1|#Level:Host|#hostname:pressler-dell,timestamp:1641725764
2022-01-09T11:57:04,439 - CPUUtilization.Percent:0.0|#Level:Host|#hostname:pressler-dell,timestamp:1641725824
2022-01-09T11:57:04,441 - DiskAvailable.Gigabytes:76.31200408935547|#Level:Host|#hostname:pressler-dell,timestamp:1641725824
2022-01-09T11:57:04,453 - DiskUsage.Gigabytes:421.94173431396484|#Level:Host|#hostname:pressler-dell,timestamp:1641725824
2022-01-09T11:57:04,455 - DiskUtilization.Percent:84.7|#Level:Host|#hostname:pressler-dell,timestamp:1641725824
2022-01-09T11:57:04,456 - MemoryAvailable.Megabytes:17817.7421875|#Level:Host|#hostname:pressler-dell,timestamp:1641725824
2022-01-09T11:57:04,457 - MemoryUsed.Megabytes:10776.0078125|#Level:Host|#hostname:pressler-dell,timestamp:1641725824
2022-01-09T11:57:04,457 - MemoryUtilization.Percent:44.2|#Level:Host|#hostname:pressler-dell,timestamp:1641725824
2022-01-09T11:58:04,429 - CPUUtilization.Percent:0.0|#Level:Host|#hostname:pressler-dell,timestamp:1641725884
2022-01-09T11:58:04,429 - DiskAvailable.Gigabytes:76.30711364746094|#Level:Host|#hostname:pressler-dell,timestamp:1641725884
2022-01-09T11:58:04,430 - DiskUsage.Gigabytes:421.9466247558594|#Level:Host|#hostname:pressler-dell,timestamp:1641725884
2022-01-09T11:58:04,430 - DiskUtilization.Percent:84.7|#Level:Host|#hostname:pressler-dell,timestamp:1641725884
2022-01-09T11:58:04,430 - MemoryAvailable.Megabytes:17900.98828125|#Level:Host|#hostname:pressler-dell,timestamp:1641725884
2022-01-09T11:58:04,430 - MemoryUsed.Megabytes:10796.92578125|#Level:Host|#hostname:pressler-dell,timestamp:1641725884
2022-01-09T11:58:04,431 - MemoryUtilization.Percent:43.9|#Level:Host|#hostname:pressler-dell,timestamp:1641725884
2022-01-09T11:59:04,431 - CPUUtilization.Percent:0.0|#Level:Host|#hostname:pressler-dell,timestamp:1641725944
2022-01-09T11:59:04,431 - DiskAvailable.Gigabytes:76.3070297241211|#Level:Host|#hostname:pressler-dell,timestamp:1641725944
2022-01-09T11:59:04,431 - DiskUsage.Gigabytes:421.9467086791992|#Level:Host|#hostname:pressler-dell,timestamp:1641725944
2022-01-09T11:59:04,432 - DiskUtilization.Percent:84.7|#Level:Host|#hostname:pressler-dell,timestamp:1641725944
2022-01-09T11:59:04,432 - MemoryAvailable.Megabytes:17976.4921875|#Level:Host|#hostname:pressler-dell,timestamp:1641725944
2022-01-09T11:59:04,432 - MemoryUsed.Megabytes:10787.90625|#Level:Host|#hostname:pressler-dell,timestamp:1641725944
2022-01-09T11:59:04,432 - MemoryUtilization.Percent:43.7|#Level:Host|#hostname:pressler-dell,timestamp:1641725944
2022-01-09T12:00:04,564 - CPUUtilization.Percent:100.0|#Level:Host|#hostname:pressler-dell,timestamp:1641726004
2022-01-09T12:00:04,565 - DiskAvailable.Gigabytes:76.31815338134766|#Level:Host|#hostname:pressler-dell,timestamp:1641726004
2022-01-09T12:00:04,567 - DiskUsage.Gigabytes:421.93558502197266|#Level:Host|#hostname:pressler-dell,timestamp:1641726004
2022-01-09T12:00:04,568 - DiskUtilization.Percent:84.7|#Level:Host|#hostname:pressler-dell,timestamp:1641726004
2022-01-09T12:00:04,570 - MemoryAvailable.Megabytes:19487.69140625|#Level:Host|#hostname:pressler-dell,timestamp:1641726004
2022-01-09T12:00:04,571 - MemoryUsed.Megabytes:8942.796875|#Level:Host|#hostname:pressler-dell,timestamp:1641726004
2022-01-09T12:00:04,572 - MemoryUtilization.Percent:39.0|#Level:Host|#hostname:pressler-dell,timestamp:1641726004
2022-01-09T12:01:19,491 - CPUUtilization.Percent:0.0|#Level:Host|#hostname:pressler-dell,timestamp:1641726079
2022-01-09T12:01:19,502 - DiskAvailable.Gigabytes:76.31342697143555|#Level:Host|#hostname:pressler-dell,timestamp:1641726079
2022-01-09T12:01:19,504 - DiskUsage.Gigabytes:421.94031143188477|#Level:Host|#hostname:pressler-dell,timestamp:1641726079
2022-01-09T12:01:19,506 - DiskUtilization.Percent:84.7|#Level:Host|#hostname:pressler-dell,timestamp:1641726079
2022-01-09T12:01:19,507 - MemoryAvailable.Megabytes:21829.26171875|#Level:Host|#hostname:pressler-dell,timestamp:1641726079
2022-01-09T12:01:19,513 - MemoryUsed.Megabytes:6653.01953125|#Level:Host|#hostname:pressler-dell,timestamp:1641726079
2022-01-09T12:01:19,514 - MemoryUtilization.Percent:31.6|#Level:Host|#hostname:pressler-dell,timestamp:1641726079
2022-01-09T12:01:19,727 - W-9000-scalenet_1.0.ms:2275|#Level:Host|#hostname:pressler-dell,timestamp:1641726079
2022-01-09T12:01:19,727 - WorkerThreadTime.ms:114|#Level:Host|#hostname:pressler-dell,timestamp:null
2022-01-09T12:01:26,440 - W-9001-yolov5_0.1.ms:7379|#Level:Host|#hostname:pressler-dell,timestamp:1641726086
2022-01-09T12:01:26,441 - WorkerThreadTime.ms:44|#Level:Host|#hostname:pressler-dell,timestamp:null
2022-01-09T12:01:26,631 - Requests5XX.Count:1|#Level:Host|#hostname:pressler-dell,timestamp:null
2022-01-09T12:01:26,641 - WorkerThreadTime.ms:36|#Level:Host|#hostname:pressler-dell,timestamp:null
2022-01-09T12:02:19,688 - CPUUtilization.Percent:0.0|#Level:Host|#hostname:pressler-dell,timestamp:1641726139
2022-01-09T12:02:19,692 - DiskAvailable.Gigabytes:76.286865234375|#Level:Host|#hostname:pressler-dell,timestamp:1641726139
2022-01-09T12:02:19,694 - DiskUsage.Gigabytes:421.9668731689453|#Level:Host|#hostname:pressler-dell,timestamp:1641726139
2022-01-09T12:02:19,700 - DiskUtilization.Percent:84.7|#Level:Host|#hostname:pressler-dell,timestamp:1641726139
2022-01-09T12:02:19,702 - MemoryAvailable.Megabytes:19510.8984375|#Level:Host|#hostname:pressler-dell,timestamp:1641726139
2022-01-09T12:02:19,712 - MemoryUsed.Megabytes:8932.95703125|#Level:Host|#hostname:pressler-dell,timestamp:1641726139
2022-01-09T12:02:19,714 - MemoryUtilization.Percent:38.9|#Level:Host|#hostname:pressler-dell,timestamp:1641726139
2022-01-09T12:02:34,787 - CPUUtilization.Percent:0.0|#Level:Host|#hostname:pressler-dell,timestamp:1641726154
2022-01-09T12:02:34,789 - DiskAvailable.Gigabytes:76.28684616088867|#Level:Host|#hostname:pressler-dell,timestamp:1641726154
2022-01-09T12:02:34,791 - DiskUsage.Gigabytes:421.96689224243164|#Level:Host|#hostname:pressler-dell,timestamp:1641726154
2022-01-09T12:02:34,793 - DiskUtilization.Percent:84.7|#Level:Host|#hostname:pressler-dell,timestamp:1641726154
2022-01-09T12:02:34,795 - MemoryAvailable.Megabytes:21557.01171875|#Level:Host|#hostname:pressler-dell,timestamp:1641726154
2022-01-09T12:02:34,797 - MemoryUsed.Megabytes:6901.24609375|#Level:Host|#hostname:pressler-dell,timestamp:1641726154
2022-01-09T12:02:34,799 - MemoryUtilization.Percent:32.5|#Level:Host|#hostname:pressler-dell,timestamp:1641726154
2022-01-09T12:02:35,074 - W-9000-scalenet_1.0.ms:2547|#Level:Host|#hostname:pressler-dell,timestamp:1641726155
2022-01-09T12:02:35,074 - WorkerThreadTime.ms:77|#Level:Host|#hostname:pressler-dell,timestamp:null
2022-01-09T12:02:40,718 - W-9001-yolov5_0.1.ms:6401|#Level:Host|#hostname:pressler-dell,timestamp:1641726160
2022-01-09T12:02:40,719 - WorkerThreadTime.ms:30|#Level:Host|#hostname:pressler-dell,timestamp:null
2022-01-09T12:02:40,873 - Requests5XX.Count:1|#Level:Host|#hostname:pressler-dell,timestamp:null
2022-01-09T12:02:40,880 - WorkerThreadTime.ms:30|#Level:Host|#hostname:pressler-dell,timestamp:null
2022-01-09T12:03:52,238 - CPUUtilization.Percent:0.0|#Level:Host|#hostname:pressler-dell,timestamp:1641726232
2022-01-09T12:03:52,240 - DiskAvailable.Gigabytes:76.28662490844727|#Level:Host|#hostname:pressler-dell,timestamp:1641726232
2022-01-09T12:03:52,242 - DiskUsage.Gigabytes:421.96711349487305|#Level:Host|#hostname:pressler-dell,timestamp:1641726232
2022-01-09T12:03:52,250 - DiskUtilization.Percent:84.7|#Level:Host|#hostname:pressler-dell,timestamp:1641726232
2022-01-09T12:03:52,250 - MemoryAvailable.Megabytes:21606.8671875|#Level:Host|#hostname:pressler-dell,timestamp:1641726232
2022-01-09T12:03:52,250 - MemoryUsed.Megabytes:6918.4453125|#Level:Host|#hostname:pressler-dell,timestamp:1641726232
2022-01-09T12:03:52,251 - MemoryUtilization.Percent:32.3|#Level:Host|#hostname:pressler-dell,timestamp:1641726232
2022-01-09T12:03:52,341 - W-9000-scalenet_1.0.ms:2421|#Level:Host|#hostname:pressler-dell,timestamp:1641726232
2022-01-09T12:03:52,346 - WorkerThreadTime.ms:96|#Level:Host|#hostname:pressler-dell,timestamp:null
2022-01-09T12:03:58,658 - W-9001-yolov5_0.1.ms:6984|#Level:Host|#hostname:pressler-dell,timestamp:1641726238
2022-01-09T12:03:58,659 - WorkerThreadTime.ms:30|#Level:Host|#hostname:pressler-dell,timestamp:null
2022-01-09T12:03:58,827 - Requests5XX.Count:1|#Level:Host|#hostname:pressler-dell,timestamp:null
2022-01-09T12:03:58,850 - WorkerThreadTime.ms:58|#Level:Host|#hostname:pressler-dell,timestamp:null
2022-01-09T12:05:13,296 - CPUUtilization.Percent:0.0|#Level:Host|#hostname:pressler-dell,timestamp:1641726313
2022-01-09T12:05:13,298 - DiskAvailable.Gigabytes:76.28651428222656|#Level:Host|#hostname:pressler-dell,timestamp:1641726313
2022-01-09T12:05:13,299 - DiskUsage.Gigabytes:421.96722412109375|#Level:Host|#hostname:pressler-dell,timestamp:1641726313
2022-01-09T12:05:13,300 - DiskUtilization.Percent:84.7|#Level:Host|#hostname:pressler-dell,timestamp:1641726313
2022-01-09T12:05:13,302 - MemoryAvailable.Megabytes:21405.82421875|#Level:Host|#hostname:pressler-dell,timestamp:1641726313
2022-01-09T12:05:13,303 - MemoryUsed.Megabytes:6999.07421875|#Level:Host|#hostname:pressler-dell,timestamp:1641726313
2022-01-09T12:05:13,304 - MemoryUtilization.Percent:32.9|#Level:Host|#hostname:pressler-dell,timestamp:1641726313
2022-01-09T12:05:13,564 - W-9000-scalenet_1.0.ms:3041|#Level:Host|#hostname:pressler-dell,timestamp:1641726313
2022-01-09T12:05:13,565 - WorkerThreadTime.ms:112|#Level:Host|#hostname:pressler-dell,timestamp:null
2022-01-09T12:05:19,417 - W-9001-yolov5_0.1.ms:6844|#Level:Host|#hostname:pressler-dell,timestamp:1641726319
2022-01-09T12:05:19,418 - WorkerThreadTime.ms:27|#Level:Host|#hostname:pressler-dell,timestamp:null
2022-01-09T12:05:19,575 - Requests5XX.Count:1|#Level:Host|#hostname:pressler-dell,timestamp:null
2022-01-09T12:05:19,579 - WorkerThreadTime.ms:32|#Level:Host|#hostname:pressler-dell,timestamp:null
2022-01-09T12:06:13,167 - CPUUtilization.Percent:0.0|#Level:Host|#hostname:pressler-dell,timestamp:1641726373
2022-01-09T12:06:13,168 - DiskAvailable.Gigabytes:76.28646469116211|#Level:Host|#hostname:pressler-dell,timestamp:1641726373
2022-01-09T12:06:13,169 - DiskUsage.Gigabytes:421.9672737121582|#Level:Host|#hostname:pressler-dell,timestamp:1641726373
2022-01-09T12:06:13,169 - DiskUtilization.Percent:84.7|#Level:Host|#hostname:pressler-dell,timestamp:1641726373
2022-01-09T12:06:13,169 - MemoryAvailable.Megabytes:19598.8828125|#Level:Host|#hostname:pressler-dell,timestamp:1641726373
2022-01-09T12:06:13,169 - MemoryUsed.Megabytes:8972.5703125|#Level:Host|#hostname:pressler-dell,timestamp:1641726373
2022-01-09T12:06:13,169 - MemoryUtilization.Percent:38.6|#Level:Host|#hostname:pressler-dell,timestamp:1641726373
2022-01-09T12:11:57,760 - CPUUtilization.Percent:0.0|#Level:Host|#hostname:pressler-dell,timestamp:1641726717
2022-01-09T12:11:57,761 - DiskAvailable.Gigabytes:76.27210235595703|#Level:Host|#hostname:pressler-dell,timestamp:1641726717
2022-01-09T12:11:57,772 - DiskUsage.Gigabytes:421.9816360473633|#Level:Host|#hostname:pressler-dell,timestamp:1641726717
2022-01-09T12:11:57,777 - DiskUtilization.Percent:84.7|#Level:Host|#hostname:pressler-dell,timestamp:1641726717
2022-01-09T12:11:57,779 - MemoryAvailable.Megabytes:19431.95703125|#Level:Host|#hostname:pressler-dell,timestamp:1641726717
2022-01-09T12:11:57,781 - MemoryUsed.Megabytes:8981.875|#Level:Host|#hostname:pressler-dell,timestamp:1641726717
2022-01-09T12:11:57,783 - MemoryUtilization.Percent:39.1|#Level:Host|#hostname:pressler-dell,timestamp:1641726717
2022-01-09T12:11:57,956 - W-9000-scalenet_1.0.ms:2228|#Level:Host|#hostname:pressler-dell,timestamp:1641726717
2022-01-09T12:11:57,957 - WorkerThreadTime.ms:65|#Level:Host|#hostname:pressler-dell,timestamp:null
2022-01-09T12:12:47,506 - CPUUtilization.Percent:0.0|#Level:Host|#hostname:pressler-dell,timestamp:1641726767
2022-01-09T12:12:47,507 - DiskAvailable.Gigabytes:76.27205657958984|#Level:Host|#hostname:pressler-dell,timestamp:1641726767
2022-01-09T12:12:47,508 - DiskUsage.Gigabytes:421.98168182373047|#Level:Host|#hostname:pressler-dell,timestamp:1641726767
2022-01-09T12:12:47,509 - DiskUtilization.Percent:84.7|#Level:Host|#hostname:pressler-dell,timestamp:1641726767
2022-01-09T12:12:47,509 - MemoryAvailable.Megabytes:19453.734375|#Level:Host|#hostname:pressler-dell,timestamp:1641726767
2022-01-09T12:12:47,510 - MemoryUsed.Megabytes:9104.203125|#Level:Host|#hostname:pressler-dell,timestamp:1641726767
2022-01-09T12:12:47,510 - MemoryUtilization.Percent:39.1|#Level:Host|#hostname:pressler-dell,timestamp:1641726767
2022-01-09T12:12:47,590 - W-9000-scalenet_1.0.ms:1661|#Level:Host|#hostname:pressler-dell,timestamp:1641726767
2022-01-09T12:12:47,591 - WorkerThreadTime.ms:57|#Level:Host|#hostname:pressler-dell,timestamp:null
2022-01-09T12:13:47,586 - CPUUtilization.Percent:0.0|#Level:Host|#hostname:pressler-dell,timestamp:1641726827
2022-01-09T12:13:47,587 - DiskAvailable.Gigabytes:76.27193450927734|#Level:Host|#hostname:pressler-dell,timestamp:1641726827
2022-01-09T12:13:47,587 - DiskUsage.Gigabytes:421.98180389404297|#Level:Host|#hostname:pressler-dell,timestamp:1641726827
2022-01-09T12:13:47,587 - DiskUtilization.Percent:84.7|#Level:Host|#hostname:pressler-dell,timestamp:1641726827
2022-01-09T12:13:47,587 - MemoryAvailable.Megabytes:19007.73828125|#Level:Host|#hostname:pressler-dell,timestamp:1641726827
2022-01-09T12:13:47,588 - MemoryUsed.Megabytes:9365.10546875|#Level:Host|#hostname:pressler-dell,timestamp:1641726827
2022-01-09T12:13:47,588 - MemoryUtilization.Percent:40.5|#Level:Host|#hostname:pressler-dell,timestamp:1641726827
2022-01-09T12:14:29,189 - CPUUtilization.Percent:0.0|#Level:Host|#hostname:pressler-dell,timestamp:1641726869
2022-01-09T12:14:29,189 - DiskAvailable.Gigabytes:76.27183151245117|#Level:Host|#hostname:pressler-dell,timestamp:1641726869
2022-01-09T12:14:29,190 - DiskUsage.Gigabytes:421.98190689086914|#Level:Host|#hostname:pressler-dell,timestamp:1641726869
2022-01-09T12:14:29,190 - DiskUtilization.Percent:84.7|#Level:Host|#hostname:pressler-dell,timestamp:1641726869
2022-01-09T12:14:29,190 - MemoryAvailable.Megabytes:19252.4375|#Level:Host|#hostname:pressler-dell,timestamp:1641726869
2022-01-09T12:14:29,190 - MemoryUsed.Megabytes:9289.8828125|#Level:Host|#hostname:pressler-dell,timestamp:1641726869
2022-01-09T12:14:29,190 - MemoryUtilization.Percent:39.7|#Level:Host|#hostname:pressler-dell,timestamp:1641726869
2022-01-09T12:14:29,318 - W-9000-scalenet_1.0.ms:1734|#Level:Host|#hostname:pressler-dell,timestamp:1641726869
2022-01-09T12:14:29,319 - WorkerThreadTime.ms:49|#Level:Host|#hostname:pressler-dell,timestamp:null
2022-01-09T12:16:16,873 - CPUUtilization.Percent:0.0|#Level:Host|#hostname:pressler-dell,timestamp:1641726976
2022-01-09T12:16:16,875 - DiskAvailable.Gigabytes:76.27164840698242|#Level:Host|#hostname:pressler-dell,timestamp:1641726976
2022-01-09T12:16:16,881 - DiskUsage.Gigabytes:421.9820899963379|#Level:Host|#hostname:pressler-dell,timestamp:1641726976
2022-01-09T12:16:16,883 - DiskUtilization.Percent:84.7|#Level:Host|#hostname:pressler-dell,timestamp:1641726976
2022-01-09T12:16:16,885 - MemoryAvailable.Megabytes:19073.78125|#Level:Host|#hostname:pressler-dell,timestamp:1641726976
2022-01-09T12:16:16,888 - MemoryUsed.Megabytes:9359.79296875|#Level:Host|#hostname:pressler-dell,timestamp:1641726976
2022-01-09T12:16:16,891 - MemoryUtilization.Percent:40.2|#Level:Host|#hostname:pressler-dell,timestamp:1641726976
2022-01-09T12:16:17,091 - W-9000-scalenet_1.0.ms:2444|#Level:Host|#hostname:pressler-dell,timestamp:1641726977
2022-01-09T12:16:17,091 - WorkerThreadTime.ms:56|#Level:Host|#hostname:pressler-dell,timestamp:null
2022-01-09T12:16:23,230 - W-9001-yolov5_0.1.ms:6857|#Level:Host|#hostname:pressler-dell,timestamp:1641726983
2022-01-09T12:16:23,231 - WorkerThreadTime.ms:28|#Level:Host|#hostname:pressler-dell,timestamp:null
2022-01-09T12:16:23,412 - Requests5XX.Count:1|#Level:Host|#hostname:pressler-dell,timestamp:null
2022-01-09T12:16:23,413 - WorkerThreadTime.ms:16|#Level:Host|#hostname:pressler-dell,timestamp:null
2022-01-09T12:17:16,813 - CPUUtilization.Percent:0.0|#Level:Host|#hostname:pressler-dell,timestamp:1641727036
2022-01-09T12:17:16,815 - DiskAvailable.Gigabytes:76.27158737182617|#Level:Host|#hostname:pressler-dell,timestamp:1641727036
2022-01-09T12:17:16,824 - DiskUsage.Gigabytes:421.98215103149414|#Level:Host|#hostname:pressler-dell,timestamp:1641727036
2022-01-09T12:17:16,827 - DiskUtilization.Percent:84.7|#Level:Host|#hostname:pressler-dell,timestamp:1641727036
2022-01-09T12:17:16,828 - MemoryAvailable.Megabytes:17013.1953125|#Level:Host|#hostname:pressler-dell,timestamp:1641727036
2022-01-09T12:17:16,829 - MemoryUsed.Megabytes:11431.52734375|#Level:Host|#hostname:pressler-dell,timestamp:1641727036
2022-01-09T12:17:16,829 - MemoryUtilization.Percent:46.7|#Level:Host|#hostname:pressler-dell,timestamp:1641727036
2022-01-09T12:17:35,427 - CPUUtilization.Percent:0.0|#Level:Host|#hostname:pressler-dell,timestamp:1641727055
2022-01-09T12:17:35,428 - DiskAvailable.Gigabytes:76.27157211303711|#Level:Host|#hostname:pressler-dell,timestamp:1641727055
2022-01-09T12:17:35,428 - DiskUsage.Gigabytes:421.9821662902832|#Level:Host|#hostname:pressler-dell,timestamp:1641727055
2022-01-09T12:17:35,429 - DiskUtilization.Percent:84.7|#Level:Host|#hostname:pressler-dell,timestamp:1641727055
2022-01-09T12:17:35,429 - MemoryAvailable.Megabytes:19124.85546875|#Level:Host|#hostname:pressler-dell,timestamp:1641727055
2022-01-09T12:17:35,430 - MemoryUsed.Megabytes:9410.29296875|#Level:Host|#hostname:pressler-dell,timestamp:1641727055
2022-01-09T12:17:35,431 - MemoryUtilization.Percent:40.1|#Level:Host|#hostname:pressler-dell,timestamp:1641727055
2022-01-09T12:17:35,468 - W-9000-scalenet_1.0.ms:1793|#Level:Host|#hostname:pressler-dell,timestamp:1641727055
2022-01-09T12:17:35,469 - WorkerThreadTime.ms:58|#Level:Host|#hostname:pressler-dell,timestamp:null
2022-01-09T12:17:42,221 - W-9001-yolov5_0.1.ms:7277|#Level:Host|#hostname:pressler-dell,timestamp:1641727062
2022-01-09T12:17:42,222 - WorkerThreadTime.ms:30|#Level:Host|#hostname:pressler-dell,timestamp:null
2022-01-09T12:17:42,474 - Requests5XX.Count:1|#Level:Host|#hostname:pressler-dell,timestamp:null
2022-01-09T12:17:42,506 - WorkerThreadTime.ms:67|#Level:Host|#hostname:pressler-dell,timestamp:null
2022-01-09T12:18:35,410 - CPUUtilization.Percent:0.0|#Level:Host|#hostname:pressler-dell,timestamp:1641727115
2022-01-09T12:18:35,411 - DiskAvailable.Gigabytes:76.27151489257812|#Level:Host|#hostname:pressler-dell,timestamp:1641727115
2022-01-09T12:18:35,411 - DiskUsage.Gigabytes:421.9822235107422|#Level:Host|#hostname:pressler-dell,timestamp:1641727115
2022-01-09T12:18:35,411 - DiskUtilization.Percent:84.7|#Level:Host|#hostname:pressler-dell,timestamp:1641727115
2022-01-09T12:18:35,411 - MemoryAvailable.Megabytes:17206.671875|#Level:Host|#hostname:pressler-dell,timestamp:1641727115
2022-01-09T12:18:35,411 - MemoryUsed.Megabytes:11183.74609375|#Level:Host|#hostname:pressler-dell,timestamp:1641727115
2022-01-09T12:18:35,411 - MemoryUtilization.Percent:46.1|#Level:Host|#hostname:pressler-dell,timestamp:1641727115
2022-01-09T12:19:35,408 - CPUUtilization.Percent:100.0|#Level:Host|#hostname:pressler-dell,timestamp:1641727175
2022-01-09T12:19:35,408 - DiskAvailable.Gigabytes:76.27138900756836|#Level:Host|#hostname:pressler-dell,timestamp:1641727175
2022-01-09T12:19:35,408 - DiskUsage.Gigabytes:421.98234939575195|#Level:Host|#hostname:pressler-dell,timestamp:1641727175
2022-01-09T12:19:35,408 - DiskUtilization.Percent:84.7|#Level:Host|#hostname:pressler-dell,timestamp:1641727175
2022-01-09T12:19:35,409 - MemoryAvailable.Megabytes:17085.5078125|#Level:Host|#hostname:pressler-dell,timestamp:1641727175
2022-01-09T12:19:35,409 - MemoryUsed.Megabytes:11275.4453125|#Level:Host|#hostname:pressler-dell,timestamp:1641727175
2022-01-09T12:19:35,409 - MemoryUtilization.Percent:46.5|#Level:Host|#hostname:pressler-dell,timestamp:1641727175
2022-01-09T12:20:35,411 - CPUUtilization.Percent:50.0|#Level:Host|#hostname:pressler-dell,timestamp:1641727235
2022-01-09T12:20:35,411 - DiskAvailable.Gigabytes:76.27112579345703|#Level:Host|#hostname:pressler-dell,timestamp:1641727235
2022-01-09T12:20:35,412 - DiskUsage.Gigabytes:421.9826126098633|#Level:Host|#hostname:pressler-dell,timestamp:1641727235
2022-01-09T12:20:35,412 - DiskUtilization.Percent:84.7|#Level:Host|#hostname:pressler-dell,timestamp:1641727235
2022-01-09T12:20:35,412 - MemoryAvailable.Megabytes:17380.8046875|#Level:Host|#hostname:pressler-dell,timestamp:1641727235
2022-01-09T12:20:35,412 - MemoryUsed.Megabytes:11113.83203125|#Level:Host|#hostname:pressler-dell,timestamp:1641727235
2022-01-09T12:20:35,412 - MemoryUtilization.Percent:45.6|#Level:Host|#hostname:pressler-dell,timestamp:1641727235
2022-01-09T12:21:35,408 - CPUUtilization.Percent:100.0|#Level:Host|#hostname:pressler-dell,timestamp:1641727295
2022-01-09T12:21:35,410 - DiskAvailable.Gigabytes:76.27109146118164|#Level:Host|#hostname:pressler-dell,timestamp:1641727295
2022-01-09T12:21:35,415 - DiskUsage.Gigabytes:421.9826469421387|#Level:Host|#hostname:pressler-dell,timestamp:1641727295
2022-01-09T12:21:35,417 - DiskUtilization.Percent:84.7|#Level:Host|#hostname:pressler-dell,timestamp:1641727295
2022-01-09T12:21:35,420 - MemoryAvailable.Megabytes:17048.54296875|#Level:Host|#hostname:pressler-dell,timestamp:1641727295
2022-01-09T12:21:35,424 - MemoryUsed.Megabytes:11394.078125|#Level:Host|#hostname:pressler-dell,timestamp:1641727295
2022-01-09T12:21:35,426 - MemoryUtilization.Percent:46.6|#Level:Host|#hostname:pressler-dell,timestamp:1641727295
2022-01-09T12:22:35,415 - CPUUtilization.Percent:0.0|#Level:Host|#hostname:pressler-dell,timestamp:1641727355
2022-01-09T12:22:35,415 - DiskAvailable.Gigabytes:76.27103042602539|#Level:Host|#hostname:pressler-dell,timestamp:1641727355
2022-01-09T12:22:35,416 - DiskUsage.Gigabytes:421.9827079772949|#Level:Host|#hostname:pressler-dell,timestamp:1641727355
2022-01-09T12:22:35,416 - DiskUtilization.Percent:84.7|#Level:Host|#hostname:pressler-dell,timestamp:1641727355
2022-01-09T12:22:35,416 - MemoryAvailable.Megabytes:16995.19921875|#Level:Host|#hostname:pressler-dell,timestamp:1641727355
2022-01-09T12:22:35,416 - MemoryUsed.Megabytes:11511.2578125|#Level:Host|#hostname:pressler-dell,timestamp:1641727355
2022-01-09T12:22:35,416 - MemoryUtilization.Percent:46.8|#Level:Host|#hostname:pressler-dell,timestamp:1641727355
2022-01-09T12:23:35,409 - CPUUtilization.Percent:0.0|#Level:Host|#hostname:pressler-dell,timestamp:1641727415
2022-01-09T12:23:35,411 - DiskAvailable.Gigabytes:76.27103042602539|#Level:Host|#hostname:pressler-dell,timestamp:1641727415
2022-01-09T12:23:35,413 - DiskUsage.Gigabytes:421.9827079772949|#Level:Host|#hostname:pressler-dell,timestamp:1641727415
2022-01-09T12:23:35,414 - DiskUtilization.Percent:84.7|#Level:Host|#hostname:pressler-dell,timestamp:1641727415
2022-01-09T12:23:35,414 - MemoryAvailable.Megabytes:17341.63671875|#Level:Host|#hostname:pressler-dell,timestamp:1641727415
2022-01-09T12:23:35,414 - MemoryUsed.Megabytes:11170.9453125|#Level:Host|#hostname:pressler-dell,timestamp:1641727415
2022-01-09T12:23:35,414 - MemoryUtilization.Percent:45.7|#Level:Host|#hostname:pressler-dell,timestamp:1641727415
2022-01-09T12:24:35,466 - CPUUtilization.Percent:0.0|#Level:Host|#hostname:pressler-dell,timestamp:1641727475
2022-01-09T12:24:35,467 - DiskAvailable.Gigabytes:76.27097702026367|#Level:Host|#hostname:pressler-dell,timestamp:1641727475
2022-01-09T12:24:35,467 - DiskUsage.Gigabytes:421.98276138305664|#Level:Host|#hostname:pressler-dell,timestamp:1641727475
2022-01-09T12:24:35,468 - DiskUtilization.Percent:84.7|#Level:Host|#hostname:pressler-dell,timestamp:1641727475
2022-01-09T12:24:35,468 - MemoryAvailable.Megabytes:17200.1875|#Level:Host|#hostname:pressler-dell,timestamp:1641727475
2022-01-09T12:24:35,468 - MemoryUsed.Megabytes:11297.33203125|#Level:Host|#hostname:pressler-dell,timestamp:1641727475
2022-01-09T12:24:35,469 - MemoryUtilization.Percent:46.1|#Level:Host|#hostname:pressler-dell,timestamp:1641727475
2022-01-09T12:25:10,437 - CPUUtilization.Percent:0.0|#Level:Host|#hostname:pressler-dell,timestamp:1641727510
2022-01-09T12:25:10,439 - DiskAvailable.Gigabytes:76.27095413208008|#Level:Host|#hostname:pressler-dell,timestamp:1641727510
2022-01-09T12:25:10,442 - DiskUsage.Gigabytes:421.98278427124023|#Level:Host|#hostname:pressler-dell,timestamp:1641727510
2022-01-09T12:25:10,442 - DiskUtilization.Percent:84.7|#Level:Host|#hostname:pressler-dell,timestamp:1641727510
2022-01-09T12:25:10,444 - MemoryAvailable.Megabytes:19013.265625|#Level:Host|#hostname:pressler-dell,timestamp:1641727510
2022-01-09T12:25:10,445 - MemoryUsed.Megabytes:9519.58203125|#Level:Host|#hostname:pressler-dell,timestamp:1641727510
2022-01-09T12:25:10,447 - MemoryUtilization.Percent:40.4|#Level:Host|#hostname:pressler-dell,timestamp:1641727510
2022-01-09T12:25:10,563 - W-9000-scalenet_1.0.ms:1708|#Level:Host|#hostname:pressler-dell,timestamp:1641727510
2022-01-09T12:25:10,571 - WorkerThreadTime.ms:79|#Level:Host|#hostname:pressler-dell,timestamp:null
2022-01-09T12:25:17,197 - W-9001-yolov5_0.1.ms:7136|#Level:Host|#hostname:pressler-dell,timestamp:1641727517
2022-01-09T12:25:17,198 - WorkerThreadTime.ms:85|#Level:Host|#hostname:pressler-dell,timestamp:null
2022-01-09T12:25:17,389 - Requests5XX.Count:1|#Level:Host|#hostname:pressler-dell,timestamp:null
2022-01-09T12:25:17,393 - WorkerThreadTime.ms:28|#Level:Host|#hostname:pressler-dell,timestamp:null
2022-01-09T12:26:05,999 - CPUUtilization.Percent:0.0|#Level:Host|#hostname:pressler-dell,timestamp:1641727565
2022-01-09T12:26:06,000 - DiskAvailable.Gigabytes:76.27052307128906|#Level:Host|#hostname:pressler-dell,timestamp:1641727565
2022-01-09T12:26:06,003 - DiskUsage.Gigabytes:421.98321533203125|#Level:Host|#hostname:pressler-dell,timestamp:1641727565
2022-01-09T12:26:06,004 - DiskUtilization.Percent:84.7|#Level:Host|#hostname:pressler-dell,timestamp:1641727565
2022-01-09T12:26:06,009 - MemoryAvailable.Megabytes:18858.71875|#Level:Host|#hostname:pressler-dell,timestamp:1641727565
2022-01-09T12:26:06,011 - MemoryUsed.Megabytes:9499.81640625|#Level:Host|#hostname:pressler-dell,timestamp:1641727565
2022-01-09T12:26:06,013 - MemoryUtilization.Percent:40.9|#Level:Host|#hostname:pressler-dell,timestamp:1641727565
2022-01-09T12:26:06,295 - W-9000-scalenet_1.0.ms:2495|#Level:Host|#hostname:pressler-dell,timestamp:1641727566
2022-01-09T12:26:06,296 - WorkerThreadTime.ms:86|#Level:Host|#hostname:pressler-dell,timestamp:null
2022-01-09T12:26:11,910 - W-9001-yolov5_0.1.ms:6380|#Level:Host|#hostname:pressler-dell,timestamp:1641727571
2022-01-09T12:26:11,911 - WorkerThreadTime.ms:29|#Level:Host|#hostname:pressler-dell,timestamp:null
2022-01-09T12:26:12,112 - Requests5XX.Count:1|#Level:Host|#hostname:pressler-dell,timestamp:null
2022-01-09T12:26:12,117 - WorkerThreadTime.ms:33|#Level:Host|#hostname:pressler-dell,timestamp:null
2022-01-09T12:26:59,687 - CPUUtilization.Percent:0.0|#Level:Host|#hostname:pressler-dell,timestamp:1641727619
2022-01-09T12:26:59,690 - DiskAvailable.Gigabytes:76.27046203613281|#Level:Host|#hostname:pressler-dell,timestamp:1641727619
2022-01-09T12:26:59,696 - DiskUsage.Gigabytes:421.9832763671875|#Level:Host|#hostname:pressler-dell,timestamp:1641727619
2022-01-09T12:26:59,698 - DiskUtilization.Percent:84.7|#Level:Host|#hostname:pressler-dell,timestamp:1641727619
2022-01-09T12:26:59,700 - MemoryAvailable.Megabytes:18849.84765625|#Level:Host|#hostname:pressler-dell,timestamp:1641727619
2022-01-09T12:26:59,702 - MemoryUsed.Megabytes:9450.28125|#Level:Host|#hostname:pressler-dell,timestamp:1641727619
2022-01-09T12:26:59,706 - MemoryUtilization.Percent:40.9|#Level:Host|#hostname:pressler-dell,timestamp:1641727619
2022-01-09T12:26:59,779 - W-9000-scalenet_1.0.ms:2311|#Level:Host|#hostname:pressler-dell,timestamp:1641727619
2022-01-09T12:26:59,780 - WorkerThreadTime.ms:56|#Level:Host|#hostname:pressler-dell,timestamp:null
2022-01-09T12:27:06,361 - W-9001-yolov5_0.1.ms:7678|#Level:Host|#hostname:pressler-dell,timestamp:1641727626
2022-01-09T12:27:06,362 - WorkerThreadTime.ms:44|#Level:Host|#hostname:pressler-dell,timestamp:null
2022-01-09T12:27:06,553 - Requests5XX.Count:1|#Level:Host|#hostname:pressler-dell,timestamp:null
2022-01-09T12:27:06,560 - WorkerThreadTime.ms:31|#Level:Host|#hostname:pressler-dell,timestamp:null
2022-01-09T12:27:33,168 - CPUUtilization.Percent:0.0|#Level:Host|#hostname:pressler-dell,timestamp:1641727653
2022-01-09T12:27:33,168 - DiskAvailable.Gigabytes:76.2703971862793|#Level:Host|#hostname:pressler-dell,timestamp:1641727653
2022-01-09T12:27:33,168 - DiskUsage.Gigabytes:421.983341217041|#Level:Host|#hostname:pressler-dell,timestamp:1641727653
2022-01-09T12:27:33,169 - DiskUtilization.Percent:84.7|#Level:Host|#hostname:pressler-dell,timestamp:1641727653
2022-01-09T12:27:33,169 - MemoryAvailable.Megabytes:19207.1171875|#Level:Host|#hostname:pressler-dell,timestamp:1641727653
2022-01-09T12:27:33,169 - MemoryUsed.Megabytes:9313.296875|#Level:Host|#hostname:pressler-dell,timestamp:1641727653
2022-01-09T12:27:33,169 - MemoryUtilization.Percent:39.8|#Level:Host|#hostname:pressler-dell,timestamp:1641727653
2022-01-09T12:27:33,236 - W-9000-scalenet_1.0.ms:1711|#Level:Host|#hostname:pressler-dell,timestamp:1641727653
2022-01-09T12:27:33,236 - WorkerThreadTime.ms:49|#Level:Host|#hostname:pressler-dell,timestamp:null
2022-01-09T12:27:40,320 - W-9001-yolov5_0.1.ms:7539|#Level:Host|#hostname:pressler-dell,timestamp:1641727660
2022-01-09T12:27:40,321 - WorkerThreadTime.ms:31|#Level:Host|#hostname:pressler-dell,timestamp:null
2022-01-09T12:27:40,501 - Requests2XX.Count:1|#Level:Host|#hostname:pressler-dell,timestamp:null
2022-01-09T12:27:40,501 - QueueTime.ms:5366|#Level:Host|#hostname:pressler-dell,timestamp:null
2022-01-09T12:27:40,501 - WorkerThreadTime.ms:13|#Level:Host|#hostname:pressler-dell,timestamp:null
2022-01-09T12:28:01,608 - Requests2XX.Count:1|#Level:Host|#hostname:pressler-dell,timestamp:null
2022-01-09T12:28:01,609 - QueueTime.ms:0|#Level:Host|#hostname:pressler-dell,timestamp:null
2022-01-09T12:28:01,609 - WorkerThreadTime.ms:30|#Level:Host|#hostname:pressler-dell,timestamp:null
2022-01-09T12:28:33,144 - CPUUtilization.Percent:0.0|#Level:Host|#hostname:pressler-dell,timestamp:1641727713
2022-01-09T12:28:33,145 - DiskAvailable.Gigabytes:76.27028274536133|#Level:Host|#hostname:pressler-dell,timestamp:1641727713
2022-01-09T12:28:33,145 - DiskUsage.Gigabytes:421.983455657959|#Level:Host|#hostname:pressler-dell,timestamp:1641727713
2022-01-09T12:28:33,146 - DiskUtilization.Percent:84.7|#Level:Host|#hostname:pressler-dell,timestamp:1641727713
2022-01-09T12:28:33,146 - MemoryAvailable.Megabytes:17150.90625|#Level:Host|#hostname:pressler-dell,timestamp:1641727713
2022-01-09T12:28:33,147 - MemoryUsed.Megabytes:11309.265625|#Level:Host|#hostname:pressler-dell,timestamp:1641727713
2022-01-09T12:28:33,147 - MemoryUtilization.Percent:46.3|#Level:Host|#hostname:pressler-dell,timestamp:1641727713
2022-01-09T12:28:41,771 - Requests2XX.Count:1|#Level:Host|#hostname:pressler-dell,timestamp:null
2022-01-09T12:28:41,772 - QueueTime.ms:0|#Level:Host|#hostname:pressler-dell,timestamp:null
2022-01-09T12:28:41,772 - WorkerThreadTime.ms:19|#Level:Host|#hostname:pressler-dell,timestamp:null
2022-01-09T12:29:33,161 - CPUUtilization.Percent:0.0|#Level:Host|#hostname:pressler-dell,timestamp:1641727773
2022-01-09T12:29:33,161 - DiskAvailable.Gigabytes:76.26904296875|#Level:Host|#hostname:pressler-dell,timestamp:1641727773
2022-01-09T12:29:33,161 - DiskUsage.Gigabytes:421.9846954345703|#Level:Host|#hostname:pressler-dell,timestamp:1641727773
2022-01-09T12:29:33,161 - DiskUtilization.Percent:84.7|#Level:Host|#hostname:pressler-dell,timestamp:1641727773
2022-01-09T12:29:33,162 - MemoryAvailable.Megabytes:16875.88671875|#Level:Host|#hostname:pressler-dell,timestamp:1641727773
2022-01-09T12:29:33,162 - MemoryUsed.Megabytes:11406.34765625|#Level:Host|#hostname:pressler-dell,timestamp:1641727773
2022-01-09T12:29:33,162 - MemoryUtilization.Percent:47.1|#Level:Host|#hostname:pressler-dell,timestamp:1641727773
2022-01-09T12:29:46,080 - Requests2XX.Count:1|#Level:Host|#hostname:pressler-dell,timestamp:null
2022-01-09T12:29:46,080 - QueueTime.ms:0|#Level:Host|#hostname:pressler-dell,timestamp:null
2022-01-09T12:29:46,081 - WorkerThreadTime.ms:42|#Level:Host|#hostname:pressler-dell,timestamp:null
2022-01-09T12:29:51,897 - Requests2XX.Count:1|#Level:Host|#hostname:pressler-dell,timestamp:null
2022-01-09T12:29:51,898 - QueueTime.ms:0|#Level:Host|#hostname:pressler-dell,timestamp:null
2022-01-09T12:29:51,899 - WorkerThreadTime.ms:5|#Level:Host|#hostname:pressler-dell,timestamp:null
2022-01-09T12:30:33,144 - CPUUtilization.Percent:0.0|#Level:Host|#hostname:pressler-dell,timestamp:1641727833
2022-01-09T12:30:33,146 - DiskAvailable.Gigabytes:76.26916885375977|#Level:Host|#hostname:pressler-dell,timestamp:1641727833
2022-01-09T12:30:33,146 - DiskUsage.Gigabytes:421.98456954956055|#Level:Host|#hostname:pressler-dell,timestamp:1641727833
2022-01-09T12:30:33,147 - DiskUtilization.Percent:84.7|#Level:Host|#hostname:pressler-dell,timestamp:1641727833
2022-01-09T12:30:33,147 - MemoryAvailable.Megabytes:17192.71484375|#Level:Host|#hostname:pressler-dell,timestamp:1641727833
2022-01-09T12:30:33,147 - MemoryUsed.Megabytes:11324.515625|#Level:Host|#hostname:pressler-dell,timestamp:1641727833
2022-01-09T12:30:33,148 - MemoryUtilization.Percent:46.1|#Level:Host|#hostname:pressler-dell,timestamp:1641727833
2022-01-09T12:31:33,144 - CPUUtilization.Percent:0.0|#Level:Host|#hostname:pressler-dell,timestamp:1641727893
2022-01-09T12:31:33,144 - DiskAvailable.Gigabytes:76.26912689208984|#Level:Host|#hostname:pressler-dell,timestamp:1641727893
2022-01-09T12:31:33,145 - DiskUsage.Gigabytes:421.98461151123047|#Level:Host|#hostname:pressler-dell,timestamp:1641727893
2022-01-09T12:31:33,146 - DiskUtilization.Percent:84.7|#Level:Host|#hostname:pressler-dell,timestamp:1641727893
2022-01-09T12:31:33,146 - MemoryAvailable.Megabytes:17197.63671875|#Level:Host|#hostname:pressler-dell,timestamp:1641727893
2022-01-09T12:31:33,147 - MemoryUsed.Megabytes:11320.2109375|#Level:Host|#hostname:pressler-dell,timestamp:1641727893
2022-01-09T12:31:33,147 - MemoryUtilization.Percent:46.1|#Level:Host|#hostname:pressler-dell,timestamp:1641727893
2022-01-09T12:32:33,158 - CPUUtilization.Percent:0.0|#Level:Host|#hostname:pressler-dell,timestamp:1641727953
2022-01-09T12:32:33,158 - DiskAvailable.Gigabytes:76.26908874511719|#Level:Host|#hostname:pressler-dell,timestamp:1641727953
2022-01-09T12:32:33,159 - DiskUsage.Gigabytes:421.9846496582031|#Level:Host|#hostname:pressler-dell,timestamp:1641727953
2022-01-09T12:32:33,159 - DiskUtilization.Percent:84.7|#Level:Host|#hostname:pressler-dell,timestamp:1641727953
2022-01-09T12:32:33,160 - MemoryAvailable.Megabytes:17166.0625|#Level:Host|#hostname:pressler-dell,timestamp:1641727953
2022-01-09T12:32:33,161 - MemoryUsed.Megabytes:11319.14453125|#Level:Host|#hostname:pressler-dell,timestamp:1641727953
2022-01-09T12:32:33,162 - MemoryUtilization.Percent:46.2|#Level:Host|#hostname:pressler-dell,timestamp:1641727953
